<?xml version="1.0" encoding="UTF-8"?>
<!-- Generated by org.testng.reporters.JUnitReportReporter -->
<testsuite hostname="Abhishek" failures="0" tests="3" name="testScripts.PlaceOrderTest" time="0.938" errors="0" timestamp="2024-05-03T13:00:02 IST" skipped="0">
  <testcase classname="testScripts.PlaceOrderTest" name="validLogin" time="0.355"/>
  <testcase classname="testScripts.PlaceOrderTest" name="addItem" time="0.195"/>
  <testcase classname="testScripts.PlaceOrderTest" name="checkoutTest" time="0.388"/>
</testsuite> <!-- testScripts.PlaceOrderTest -->
